<?xml version="1.0" encoding="UTF-8"?>
<!-- Generated by org.testng.reporters.JUnitReportReporter -->
<testsuite hostname="HAsLaptop" failures="0" tests="1" name="testScript.LoginTest" time="2.290" errors="0" timestamp="2025-08-22T16:18:50 IST" skipped="0">
  <testcase classname="testScript.LoginTest" name="verifyUserLoginWithValidCredential" time="2.290"/>
</testsuite> <!-- testScript.LoginTest -->
