<?xml version="1.0" encoding="UTF-8"?>
<!-- Generated by org.testng.reporters.JUnitReportReporter -->
<testsuite hostname="HAsLaptop" failures="0" tests="1" name="testScript.LoginTest" time="1.787" errors="0" timestamp="2025-08-21T18:08:11 IST" skipped="0">
  <testcase classname="testScript.LoginTest" name="verifyUserLoginWithValidCredential" time="1.787"/>
</testsuite> <!-- testScript.LoginTest -->
