<?xml version="1.0" encoding="UTF-8"?>
<!-- Generated by org.testng.reporters.JUnitReportReporter -->
<testsuite hostname="HAsLaptop" failures="0" tests="1" name="seleniumBasics.TestNGAnnotations" time="0.017" errors="0" timestamp="2025-08-20T14:53:28 IST" skipped="0">
  <testcase classname="seleniumBasics.TestNGAnnotations" name="testCase" time="0.017"/>
</testsuite> <!-- seleniumBasics.TestNGAnnotations -->
